<?xml version="1.0" encoding="UTF-8"?>
<testng-results skipped="0" failed="0" ignored="0" total="19" passed="19">
  <reporter-output>
  </reporter-output>
  <suite name="Default Suite" duration-ms="9986" started-at="2022-08-17T10:11:38 IST" finished-at="2022-08-17T10:11:48 IST">
    <groups>
      <group name="cucumber">
        <method signature="AbstractTestNGCucumberTests.runScenario(io.cucumber.testng.PickleWrapper,io.cucumber.testng.FeatureWrapper)[pri:0, instance:runner.TestRunner@52a86356]" name="runScenario" class="io.cucumber.testng.AbstractTestNGCucumberTests"/>
      </group> <!-- cucumber -->
    </groups>
    <test name="sprint.student" duration-ms="9986" started-at="2022-08-17T10:11:38 IST" finished-at="2022-08-17T10:11:48 IST">
      <class name="runner.TestRunner">
        <test-method status="PASS" signature="setUpClass()[pri:0, instance:runner.TestRunner@52a86356]" name="setUpClass" is-config="true" duration-ms="504" started-at="2022-08-17T10:11:38 IST" finished-at="2022-08-17T10:11:39 IST">
          <reporter-output>
          </reporter-output>
        </test-method> <!-- setUpClass -->
        <test-method status="PASS" signature="runScenario(io.cucumber.testng.PickleWrapper,io.cucumber.testng.FeatureWrapper)[pri:0, instance:runner.TestRunner@52a86356]" name="runScenario" duration-ms="1615" started-at="2022-08-17T10:11:39 IST" description="Runs Cucumber Scenarios" data-provider="scenarios" finished-at="2022-08-17T10:11:40 IST">
          <params>
            <param index="0">
              <value>
                <![CDATA["Verify that student data is created"]]>
              </value>
            </param>
            <param index="1">
              <value>
                <![CDATA["Optional[Student feature]"]]>
              </value>
            </param>
          </params>
          <reporter-output>
          </reporter-output>
        </test-method> <!-- runScenario -->
        <test-method status="PASS" signature="runScenario(io.cucumber.testng.PickleWrapper,io.cucumber.testng.FeatureWrapper)[pri:0, instance:runner.TestRunner@52a86356]" name="runScenario" duration-ms="123" started-at="2022-08-17T10:11:40 IST" description="Runs Cucumber Scenarios" data-provider="scenarios" finished-at="2022-08-17T10:11:41 IST">
          <params>
            <param index="0">
              <value>
                <![CDATA["Verify that student data is displayed"]]>
              </value>
            </param>
            <param index="1">
              <value>
                <![CDATA["Optional[Student feature]"]]>
              </value>
            </param>
          </params>
          <reporter-output>
          </reporter-output>
        </test-method> <!-- runScenario -->
        <test-method status="PASS" signature="runScenario(io.cucumber.testng.PickleWrapper,io.cucumber.testng.FeatureWrapper)[pri:0, instance:runner.TestRunner@52a86356]" name="runScenario" duration-ms="747" started-at="2022-08-17T10:11:41 IST" description="Runs Cucumber Scenarios" data-provider="scenarios" finished-at="2022-08-17T10:11:41 IST">
          <params>
            <param index="0">
              <value>
                <![CDATA["Verify that student data is updated"]]>
              </value>
            </param>
            <param index="1">
              <value>
                <![CDATA["Optional[Student feature]"]]>
              </value>
            </param>
          </params>
          <reporter-output>
          </reporter-output>
        </test-method> <!-- runScenario -->
        <test-method status="PASS" signature="runScenario(io.cucumber.testng.PickleWrapper,io.cucumber.testng.FeatureWrapper)[pri:0, instance:runner.TestRunner@52a86356]" name="runScenario" duration-ms="175" started-at="2022-08-17T10:11:41 IST" description="Runs Cucumber Scenarios" data-provider="scenarios" finished-at="2022-08-17T10:11:41 IST">
          <params>
            <param index="0">
              <value>
                <![CDATA["Verify that student data is deleted"]]>
              </value>
            </param>
            <param index="1">
              <value>
                <![CDATA["Optional[Student feature]"]]>
              </value>
            </param>
          </params>
          <reporter-output>
          </reporter-output>
        </test-method> <!-- runScenario -->
        <test-method status="PASS" signature="runScenario(io.cucumber.testng.PickleWrapper,io.cucumber.testng.FeatureWrapper)[pri:0, instance:runner.TestRunner@52a86356]" name="runScenario" duration-ms="93" started-at="2022-08-17T10:11:41 IST" description="Runs Cucumber Scenarios" data-provider="scenarios" finished-at="2022-08-17T10:11:42 IST">
          <params>
            <param index="0">
              <value>
                <![CDATA["Verify that email field should not be null"]]>
              </value>
            </param>
            <param index="1">
              <value>
                <![CDATA["Optional[Student feature]"]]>
              </value>
            </param>
          </params>
          <reporter-output>
          </reporter-output>
        </test-method> <!-- runScenario -->
        <test-method status="PASS" signature="runScenario(io.cucumber.testng.PickleWrapper,io.cucumber.testng.FeatureWrapper)[pri:0, instance:runner.TestRunner@52a86356]" name="runScenario" duration-ms="94" started-at="2022-08-17T10:11:42 IST" description="Runs Cucumber Scenarios" data-provider="scenarios" finished-at="2022-08-17T10:11:42 IST">
          <params>
            <param index="0">
              <value>
                <![CDATA["Verify that age field should not be null"]]>
              </value>
            </param>
            <param index="1">
              <value>
                <![CDATA["Optional[Student feature]"]]>
              </value>
            </param>
          </params>
          <reporter-output>
          </reporter-output>
        </test-method> <!-- runScenario -->
        <test-method status="PASS" signature="runScenario(io.cucumber.testng.PickleWrapper,io.cucumber.testng.FeatureWrapper)[pri:0, instance:runner.TestRunner@52a86356]" name="runScenario" duration-ms="98" started-at="2022-08-17T10:11:42 IST" description="Runs Cucumber Scenarios" data-provider="scenarios" finished-at="2022-08-17T10:11:42 IST">
          <params>
            <param index="0">
              <value>
                <![CDATA["Verify that id field should not be null"]]>
              </value>
            </param>
            <param index="1">
              <value>
                <![CDATA["Optional[Student feature]"]]>
              </value>
            </param>
          </params>
          <reporter-output>
          </reporter-output>
        </test-method> <!-- runScenario -->
        <test-method status="PASS" signature="runScenario(io.cucumber.testng.PickleWrapper,io.cucumber.testng.FeatureWrapper)[pri:0, instance:runner.TestRunner@52a86356]" name="runScenario" duration-ms="95" started-at="2022-08-17T10:11:42 IST" description="Runs Cucumber Scenarios" data-provider="scenarios" finished-at="2022-08-17T10:11:42 IST">
          <params>
            <param index="0">
              <value>
                <![CDATA["Verify that name field should not be null"]]>
              </value>
            </param>
            <param index="1">
              <value>
                <![CDATA["Optional[Student feature]"]]>
              </value>
            </param>
          </params>
          <reporter-output>
          </reporter-output>
        </test-method> <!-- runScenario -->
        <test-method status="PASS" signature="runScenario(io.cucumber.testng.PickleWrapper,io.cucumber.testng.FeatureWrapper)[pri:0, instance:runner.TestRunner@52a86356]" name="runScenario" duration-ms="122" started-at="2022-08-17T10:11:42 IST" description="Runs Cucumber Scenarios" data-provider="scenarios" finished-at="2022-08-17T10:11:42 IST">
          <params>
            <param index="0">
              <value>
                <![CDATA["Verify that error message is thrown when invalid endpoint is given"]]>
              </value>
            </param>
            <param index="1">
              <value>
                <![CDATA["Optional[Student feature]"]]>
              </value>
            </param>
          </params>
          <reporter-output>
          </reporter-output>
        </test-method> <!-- runScenario -->
        <test-method status="PASS" signature="runScenario(io.cucumber.testng.PickleWrapper,io.cucumber.testng.FeatureWrapper)[pri:0, instance:runner.TestRunner@52a86356]" name="runScenario" duration-ms="120" started-at="2022-08-17T10:11:42 IST" description="Runs Cucumber Scenarios" data-provider="scenarios" finished-at="2022-08-17T10:11:42 IST">
          <params>
            <param index="0">
              <value>
                <![CDATA["Verify that specific student data is displayed"]]>
              </value>
            </param>
            <param index="1">
              <value>
                <![CDATA["Optional[Student feature]"]]>
              </value>
            </param>
          </params>
          <reporter-output>
          </reporter-output>
        </test-method> <!-- runScenario -->
        <test-method status="PASS" signature="runScenario(io.cucumber.testng.PickleWrapper,io.cucumber.testng.FeatureWrapper)[pri:0, instance:runner.TestRunner@52a86356]" name="runScenario" duration-ms="112" started-at="2022-08-17T10:11:42 IST" description="Runs Cucumber Scenarios" data-provider="scenarios" finished-at="2022-08-17T10:11:42 IST">
          <params>
            <param index="0">
              <value>
                <![CDATA["Verify that User is created"]]>
              </value>
            </param>
            <param index="1">
              <value>
                <![CDATA["Optional[User feature]"]]>
              </value>
            </param>
          </params>
          <reporter-output>
          </reporter-output>
        </test-method> <!-- runScenario -->
        <test-method status="PASS" signature="runScenario(io.cucumber.testng.PickleWrapper,io.cucumber.testng.FeatureWrapper)[pri:0, instance:runner.TestRunner@52a86356]" name="runScenario" duration-ms="91" started-at="2022-08-17T10:11:42 IST" description="Runs Cucumber Scenarios" data-provider="scenarios" finished-at="2022-08-17T10:11:42 IST">
          <params>
            <param index="0">
              <value>
                <![CDATA["Verify that User list is displayed"]]>
              </value>
            </param>
            <param index="1">
              <value>
                <![CDATA["Optional[User feature]"]]>
              </value>
            </param>
          </params>
          <reporter-output>
          </reporter-output>
        </test-method> <!-- runScenario -->
        <test-method status="PASS" signature="runScenario(io.cucumber.testng.PickleWrapper,io.cucumber.testng.FeatureWrapper)[pri:0, instance:runner.TestRunner@52a86356]" name="runScenario" duration-ms="206" started-at="2022-08-17T10:11:42 IST" description="Runs Cucumber Scenarios" data-provider="scenarios" finished-at="2022-08-17T10:11:42 IST">
          <params>
            <param index="0">
              <value>
                <![CDATA["Verify that User data is updated"]]>
              </value>
            </param>
            <param index="1">
              <value>
                <![CDATA["Optional[User feature]"]]>
              </value>
            </param>
          </params>
          <reporter-output>
          </reporter-output>
        </test-method> <!-- runScenario -->
        <test-method status="PASS" signature="runScenario(io.cucumber.testng.PickleWrapper,io.cucumber.testng.FeatureWrapper)[pri:0, instance:runner.TestRunner@52a86356]" name="runScenario" duration-ms="177" started-at="2022-08-17T10:11:42 IST" description="Runs Cucumber Scenarios" data-provider="scenarios" finished-at="2022-08-17T10:11:43 IST">
          <params>
            <param index="0">
              <value>
                <![CDATA["Verify that User data is deleted"]]>
              </value>
            </param>
            <param index="1">
              <value>
                <![CDATA["Optional[User feature]"]]>
              </value>
            </param>
          </params>
          <reporter-output>
          </reporter-output>
        </test-method> <!-- runScenario -->
        <test-method status="PASS" signature="runScenario(io.cucumber.testng.PickleWrapper,io.cucumber.testng.FeatureWrapper)[pri:0, instance:runner.TestRunner@52a86356]" name="runScenario" duration-ms="87" started-at="2022-08-17T10:11:43 IST" description="Runs Cucumber Scenarios" data-provider="scenarios" finished-at="2022-08-17T10:11:43 IST">
          <params>
            <param index="0">
              <value>
                <![CDATA["Verify that name cannot be null"]]>
              </value>
            </param>
            <param index="1">
              <value>
                <![CDATA["Optional[User feature]"]]>
              </value>
            </param>
          </params>
          <reporter-output>
          </reporter-output>
        </test-method> <!-- runScenario -->
        <test-method status="PASS" signature="runScenario(io.cucumber.testng.PickleWrapper,io.cucumber.testng.FeatureWrapper)[pri:0, instance:runner.TestRunner@52a86356]" name="runScenario" duration-ms="90" started-at="2022-08-17T10:11:43 IST" description="Runs Cucumber Scenarios" data-provider="scenarios" finished-at="2022-08-17T10:11:43 IST">
          <params>
            <param index="0">
              <value>
                <![CDATA["Verify that address cannot be null"]]>
              </value>
            </param>
            <param index="1">
              <value>
                <![CDATA["Optional[User feature]"]]>
              </value>
            </param>
          </params>
          <reporter-output>
          </reporter-output>
        </test-method> <!-- runScenario -->
        <test-method status="PASS" signature="runScenario(io.cucumber.testng.PickleWrapper,io.cucumber.testng.FeatureWrapper)[pri:0, instance:runner.TestRunner@52a86356]" name="runScenario" duration-ms="177" started-at="2022-08-17T10:11:43 IST" description="Runs Cucumber Scenarios" data-provider="scenarios" finished-at="2022-08-17T10:11:43 IST">
          <params>
            <param index="0">
              <value>
                <![CDATA["Verify that error is thrown when endpoint is invalid"]]>
              </value>
            </param>
            <param index="1">
              <value>
                <![CDATA["Optional[User feature]"]]>
              </value>
            </param>
          </params>
          <reporter-output>
          </reporter-output>
        </test-method> <!-- runScenario -->
        <test-method status="PASS" signature="runScenario(io.cucumber.testng.PickleWrapper,io.cucumber.testng.FeatureWrapper)[pri:0, instance:runner.TestRunner@52a86356]" name="runScenario" duration-ms="159" started-at="2022-08-17T10:11:43 IST" description="Runs Cucumber Scenarios" data-provider="scenarios" finished-at="2022-08-17T10:11:43 IST">
          <params>
            <param index="0">
              <value>
                <![CDATA["Verify that multiple users are created"]]>
              </value>
            </param>
            <param index="1">
              <value>
                <![CDATA["Optional[User feature]"]]>
              </value>
            </param>
          </params>
          <reporter-output>
          </reporter-output>
        </test-method> <!-- runScenario -->
        <test-method status="PASS" signature="runScenario(io.cucumber.testng.PickleWrapper,io.cucumber.testng.FeatureWrapper)[pri:0, instance:runner.TestRunner@52a86356]" name="runScenario" duration-ms="90" started-at="2022-08-17T10:11:43 IST" description="Runs Cucumber Scenarios" data-provider="scenarios" finished-at="2022-08-17T10:11:43 IST">
          <params>
            <param index="0">
              <value>
                <![CDATA["Verify that specific user is displayed"]]>
              </value>
            </param>
            <param index="1">
              <value>
                <![CDATA["Optional[User feature]"]]>
              </value>
            </param>
          </params>
          <reporter-output>
          </reporter-output>
        </test-method> <!-- runScenario -->
        <test-method status="PASS" signature="tearDownClass()[pri:0, instance:runner.TestRunner@52a86356]" name="tearDownClass" is-config="true" duration-ms="4292" started-at="2022-08-17T10:11:43 IST" finished-at="2022-08-17T10:11:48 IST">
          <reporter-output>
          </reporter-output>
        </test-method> <!-- tearDownClass -->
      </class> <!-- runner.TestRunner -->
    </test> <!-- sprint.student -->
  </suite> <!-- Default Suite -->
</testng-results>
